0 info it worked if it ends with ok
1 verbose cli [ '/usr/local/bin/node', '/usr/local/bin/npm', 'start' ]
2 info using npm@3.5.2
3 info using node@v4.2.1
4 verbose run-script [ 'prestart', 'start', 'poststart' ]
5 info lifecycle angularleaflet@1.0.0~prestart: angularleaflet@1.0.0
6 silly lifecycle angularleaflet@1.0.0~prestart: no script for prestart, continuing
7 info lifecycle angularleaflet@1.0.0~start: angularleaflet@1.0.0
8 verbose lifecycle angularleaflet@1.0.0~start: unsafe-perm in lifecycle true
9 verbose lifecycle angularleaflet@1.0.0~start: PATH: /usr/local/lib/node_modules/npm/bin/node-gyp-bin:/Users/tougo/angularcomponentbase/node_modules/.bin:/Library/Frameworks/Python.framework/Versions/2.7/bin:/opt/local/bin:/opt/local/sbin:/opt/local/bin:/opt/local/sbin:/usr/local/bin:/usr/bin:/bin:/usr/sbin:/sbin:/opt/X11/bin:/usr/local/git/bin:/opt/opengeo/pgsql/9.1/bin:/usr/texbin
10 verbose lifecycle angularleaflet@1.0.0~start: CWD: /Users/tougo/angularcomponentbase
11 silly lifecycle angularleaflet@1.0.0~start: Args: [ '-c', 'start npm run lite' ]
12 info lifecycle angularleaflet@1.0.0~start: Failed to exec start script
13 verbose stack Error: angularleaflet@1.0.0 start: `start npm run lite`
13 verbose stack spawn ENOENT
13 verbose stack     at ChildProcess.<anonymous> (/usr/local/lib/node_modules/npm/lib/utils/spawn.js:17:16)
13 verbose stack     at emitTwo (events.js:87:13)
13 verbose stack     at ChildProcess.emit (events.js:172:7)
13 verbose stack     at maybeClose (internal/child_process.js:818:16)
13 verbose stack     at Process.ChildProcess._handle.onexit (internal/child_process.js:211:5)
14 verbose pkgid angularleaflet@1.0.0
15 verbose cwd /Users/tougo/angularcomponentbase
16 error Darwin 15.5.0
17 error argv "/usr/local/bin/node" "/usr/local/bin/npm" "start"
18 error node v4.2.1
19 error npm  v3.5.2
20 error file sh
21 error code ELIFECYCLE
22 error errno ENOENT
23 error syscall spawn
24 error angularleaflet@1.0.0 start: `start npm run lite`
24 error spawn ENOENT
25 error Failed at the angularleaflet@1.0.0 start script 'start npm run lite'.
25 error Make sure you have the latest version of node.js and npm installed.
25 error If you do, this is most likely a problem with the angularleaflet package,
25 error not with npm itself.
25 error Tell the author that this fails on your system:
25 error     start npm run lite
25 error You can get information on how to open an issue for this project with:
25 error     npm bugs angularleaflet
25 error Or if that isn't available, you can get their info via:
25 error     npm owner ls angularleaflet
25 error There is likely additional logging output above.
26 verbose exit [ 1, true ]
